[BEGIN] 2021/5/31 ¤W¤È 07:46:18
Done Test 1:
0: 23
1: 1
2: 1201
3: 27623
4: 0
5: 0
6: 531
7: 15403c9
8: 0
9: 0
10: 8ad37a
11: ffffff23
12: 0
13: 94fe3
14: 0
15: fffb584d
16: 0
17: 0
18: 0
19: 0
20: 0
21: 0
22: 0
23: 0
24: 0
25: 0
26: 0
27: 0
28: 0
29: 0
30: 0
31: 2236
BRAM0: 90, BRAM1: 27623, Result: 8058c46bDone Test 2:
0: 23
1: 1
2: 1201
3: 27623
4: 0
5: 0
6: 531
7: 15403c9
8: 0
9: 0
10: 8ad37a
11: ffffff23
12: 0
13: 94fe3
14: 0
15: fff6cd21
16: 1201
17: ff2273b0
18: 187914
19: 94050
20: fff6cd21
21: 0
22: 0
23: 0
24: 0
25: 0
26: 0
27: 0
28: 0
29: 0
30: 0
31: 2236
Done Test 1:
0: 23
1: 1
2: 1201
3: 27623
4: 0
5: 0
6: 531
7: 15403c9
8: 0
9: 0
10: 8ad37a
11: ffffff23
12: 0
13: 94fe3
14: 0
15: fffb584d
16: 0
17: 0
18: 0
19: 0
20: 0
21: 0
22: 0
23: 0
24: 0
25: 0
26: 0
27: 0
28: 0
29: 0
30: 0
31: 2236
Done Test 2:
0: 23
1: 1
2: 1201
3: 27623
4: 0
5: 0
6: 531
7: 15403c9
8: 0
9: 0
10: 8ad37a
11: ffffff23
12: 0
13: 94fe3
14: 0
15: fff6cd21
16: 1201
17: ff2273b0
18: 187914
19: 94050
20: fff6cd21
21: 0
22: 0
23: 0
24: 0
25: 0
26: 0
27: 0
28: 0
29: 0
30: 0
31: 2236

[END] 2021/5/31 ¤W¤È 07:47:30
